This file contains any messages produced by compilers while
running configure, to aid debugging if configure makes a mistake.

It was created by jp2a configure 1.0.6, which was
generated by GNU Autoconf 2.60.  Invocation command line was

  $ ./configure --with-jpeg-prefix=/usr/local --with-curl-config=/usr/bin/curl-config

## --------- ##
## Platform. ##
## --------- ##

hostname = Erics-MacBook-Air.local
uname -m = x86_64
uname -r = 19.0.0
uname -s = Darwin
uname -v = Darwin Kernel Version 19.0.0: Wed Sep 25 20:18:50 PDT 2019; root:xnu-6153.11.26~2/RELEASE_X86_64

/usr/bin/uname -p = i386
/bin/uname -X     = unknown

/bin/arch              = unknown
/usr/bin/arch -k       = unknown
/usr/convex/getsysinfo = unknown
/usr/bin/hostinfo      = Mach kernel version:
	 Darwin Kernel Version 19.0.0: Wed Sep 25 20:18:50 PDT 2019; root:xnu-6153.11.26~2/RELEASE_X86_64
Kernel configured for up to 4 processors.
2 processors are physically available.
4 processors are logically available.
Processor type: x86_64h (Intel x86-64h Haswell)
Processors active: 0 1 2 3
Primary memory available: 8.00 gigabytes
Default processor set: 417 tasks, 1645 threads, 4 processors
Load average: 1.73, Mach factor: 2.26
/bin/machine           = unknown
/usr/bin/oslevel       = unknown
/bin/universe          = unknown

PATH: /Users/ericboris/anaconda2/bin
PATH: /Library/Frameworks/Python.framework/Versions/3.7/bin
PATH: /Library/Frameworks/Python.framework/Versions/3.6/bin
PATH: /anaconda3/bin
PATH: /usr/local/bin
PATH: /usr/bin
PATH: /bin
PATH: /usr/sbin
PATH: /sbin
PATH: /Library/Apple/usr/bin
PATH: /Library/Apple/bin
PATH: /Applications/VMware Fusion.app/Contents/Public
PATH: /Library/TeX/texbin


## ----------- ##
## Core tests. ##
## ----------- ##

configure:1772: checking for a BSD-compatible install
configure:1828: result: /usr/bin/install -c
configure:1839: checking whether build environment is sane
configure:1882: result: yes
configure:1947: checking for gawk
configure:1977: result: no
configure:1947: checking for mawk
configure:1977: result: no
configure:1947: checking for nawk
configure:1977: result: no
configure:1947: checking for awk
configure:1963: found /usr/bin/awk
configure:1974: result: awk
configure:1985: checking whether make sets $(MAKE)
configure:2006: result: yes
configure:2246: checking for gcc
configure:2262: found /usr/bin/gcc
configure:2273: result: gcc
configure:2511: checking for C compiler version
configure:2518: gcc --version >&5
Configured with: --prefix=/Library/Developer/CommandLineTools/usr --with-gxx-include-dir=/Library/Developer/CommandLineTools/SDKs/MacOSX.sdk/usr/include/c++/4.2.1
Apple clang version 11.0.0 (clang-1100.0.33.8)
Target: x86_64-apple-darwin19.0.0
Thread model: posix
InstalledDir: /Library/Developer/CommandLineTools/usr/bin
configure:2521: $? = 0
configure:2528: gcc -v >&5
Configured with: --prefix=/Library/Developer/CommandLineTools/usr --with-gxx-include-dir=/Library/Developer/CommandLineTools/SDKs/MacOSX.sdk/usr/include/c++/4.2.1
Apple clang version 11.0.0 (clang-1100.0.33.8)
Target: x86_64-apple-darwin19.0.0
Thread model: posix
InstalledDir: /Library/Developer/CommandLineTools/usr/bin
configure:2531: $? = 0
configure:2538: gcc -V >&5
clang: error: unsupported option '-V -Wno-framework-include-private-from-public'
clang: error: no input files
configure:2541: $? = 1
configure:2564: checking for C compiler default output file name
configure:2591: gcc    conftest.c  >&5
configure:2594: $? = 0
configure:2640: result: a.out
configure:2645: checking whether the C compiler works
configure:2655: ./a.out
configure:2658: $? = 0
configure:2675: result: yes
configure:2682: checking whether we are cross compiling
configure:2684: result: no
configure:2687: checking for suffix of executables
configure:2694: gcc -o conftest    conftest.c  >&5
configure:2697: $? = 0
configure:2721: result: 
configure:2727: checking for suffix of object files
configure:2753: gcc -c   conftest.c >&5
configure:2756: $? = 0
configure:2779: result: o
configure:2783: checking whether we are using the GNU C compiler
configure:2812: gcc -c   conftest.c >&5
configure:2818: $? = 0
configure:2825: test -z "$ac_c_werror_flag" || test ! -s conftest.err
configure:2828: $? = 0
configure:2835: test -s conftest.o
configure:2838: $? = 0
configure:2852: result: yes
configure:2857: checking whether gcc accepts -g
configure:2887: gcc -c -g  conftest.c >&5
configure:2893: $? = 0
configure:2900: test -z "$ac_c_werror_flag" || test ! -s conftest.err
configure:2903: $? = 0
configure:2910: test -s conftest.o
configure:2913: $? = 0
configure:3043: result: yes
configure:3060: checking for gcc option to accept ISO C89
configure:3134: gcc  -c -g -O2  conftest.c >&5
configure:3140: $? = 0
configure:3147: test -z "$ac_c_werror_flag" || test ! -s conftest.err
configure:3150: $? = 0
configure:3157: test -s conftest.o
configure:3160: $? = 0
configure:3180: result: none needed
configure:3209: checking for style of include used by make
configure:3237: result: GNU
configure:3265: checking dependency style of gcc
configure:3355: result: gcc3
configure:3405: checking for jpeg_start_decompress in -ljpeg
configure:3440: gcc -o conftest -g -O2  -I/usr/local/include  -L/usr/local/lib conftest.c -ljpeg   >&5
ld: library not found for -ljpeg
clang: error: linker command failed with exit code 1 (use -v to see invocation)
configure:3446: $? = 1
configure: failed program was:
| /* confdefs.h.  */
| #define PACKAGE_NAME "jp2a"
| #define PACKAGE_TARNAME "jp2a"
| #define PACKAGE_VERSION "1.0.6"
| #define PACKAGE_STRING "jp2a 1.0.6"
| #define PACKAGE_BUGREPORT "csl@sublevel3.org"
| #define PACKAGE "jp2a"
| #define VERSION "1.0.6"
| /* end confdefs.h.  */
| 
| /* Override any GCC internal prototype to avoid an error.
|    Use char because int might match the return type of a GCC
|    builtin and then its argument prototype would still apply.  */
| #ifdef __cplusplus
| extern "C"
| #endif
| char jpeg_start_decompress ();
| int
| main ()
| {
| return jpeg_start_decompress ();
|   ;
|   return 0;
| }
configure:3480: result: no
configure:3491: error: I need a working jpeglib; please specify --with-jpeg-lib=PATH or see --help for more explicit options.

On many systems, this is installed in /usr/local/lib/ so you can try --with-jpeg-prefix=/usr/local/


## ---------------- ##
## Cache variables. ##
## ---------------- ##

ac_cv_c_compiler_gnu=yes
ac_cv_env_CC_set=
ac_cv_env_CC_value=
ac_cv_env_CFLAGS_set=
ac_cv_env_CFLAGS_value=
ac_cv_env_CPPFLAGS_set=
ac_cv_env_CPPFLAGS_value=
ac_cv_env_CPP_set=
ac_cv_env_CPP_value=
ac_cv_env_LDFLAGS_set=
ac_cv_env_LDFLAGS_value=
ac_cv_env_build_alias_set=
ac_cv_env_build_alias_value=
ac_cv_env_host_alias_set=
ac_cv_env_host_alias_value=
ac_cv_env_target_alias_set=
ac_cv_env_target_alias_value=
ac_cv_lib_jpeg_jpeg_start_decompress=no
ac_cv_objext=o
ac_cv_path_install='/usr/bin/install -c'
ac_cv_prog_AWK=awk
ac_cv_prog_ac_ct_CC=gcc
ac_cv_prog_cc_c89=
ac_cv_prog_cc_g=yes
ac_cv_prog_make_make_set=yes
am_cv_CC_dependencies_compiler_type=gcc3

## ----------------- ##
## Output variables. ##
## ----------------- ##

ACLOCAL='${SHELL} /Users/ericboris/Documents/CSE391/hw8/jp2a-1.0.6/missing --run aclocal-1.9'
AMDEPBACKSLASH='\'
AMDEP_FALSE='#'
AMDEP_TRUE=''
AMTAR='${SHELL} /Users/ericboris/Documents/CSE391/hw8/jp2a-1.0.6/missing --run tar'
AUTOCONF='${SHELL} /Users/ericboris/Documents/CSE391/hw8/jp2a-1.0.6/missing --run autoconf'
AUTOHEADER='${SHELL} /Users/ericboris/Documents/CSE391/hw8/jp2a-1.0.6/missing --run autoheader'
AUTOMAKE='${SHELL} /Users/ericboris/Documents/CSE391/hw8/jp2a-1.0.6/missing --run automake-1.9'
AWK='awk'
CC='gcc'
CCDEPMODE='depmode=gcc3'
CFLAGS='-g -O2'
CPP=''
CPPFLAGS=' -I/usr/local/include'
CYGPATH_W='echo'
DEFS=''
DEPDIR='.deps'
ECHO_C='ECHO_N=''
ECHO_T=''
EGREP=''
EXEEXT=''
GREP=''
INSTALL_DATA='${INSTALL} -m 644'
INSTALL_PROGRAM='${INSTALL}'
INSTALL_SCRIPT='${INSTALL}'
INSTALL_STRIP_PROGRAM='${SHELL} $(install_sh) -c -s'
LDFLAGS=' -L/usr/local/lib'
LIBOBJS=''
LIBS=''
LTLIBOBJS=''
MAKEINFO='${SHELL} /Users/ericboris/Documents/CSE391/hw8/jp2a-1.0.6/missing --run makeinfo'
OBJEXT='o'
PACKAGE='jp2a'
PACKAGE_BUGREPORT='csl@sublevel3.org'
PACKAGE_NAME='jp2a'
PACKAGE_STRING='jp2a 1.0.6'
PACKAGE_TARNAME='jp2a'
PACKAGE_VERSION='1.0.6'
PATH_SEPARATOR=':'
SET_MAKE=''
SHELL='/bin/sh'
STRIP=''
VERSION='1.0.6'
ac_ct_CC='gcc'
am__fastdepCC_FALSE='#'
am__fastdepCC_TRUE=''
am__include='include'
am__leading_dot='.'
am__quote=''
am__tar='${AMTAR} chof - "$$tardir"'
am__untar='${AMTAR} xf -'
bindir='${exec_prefix}/bin'
build_alias=''
curl_config=''
datadir='${datarootdir}'
datarootdir='${prefix}/share'
docdir='${datarootdir}/doc/${PACKAGE_TARNAME}'
dvidir='${docdir}'
exec_prefix='NONE'
host_alias=''
htmldir='${docdir}'
includedir='${prefix}/include'
infodir='${datarootdir}/info'
install_sh='/Users/ericboris/Documents/CSE391/hw8/jp2a-1.0.6/install-sh'
libdir='${exec_prefix}/lib'
libexecdir='${exec_prefix}/libexec'
localedir='${datarootdir}/locale'
localstatedir='${prefix}/var'
mandir='${datarootdir}/man'
mkdir_p='$(install_sh) -d'
oldincludedir='/usr/include'
pdfdir='${docdir}'
prefix='NONE'
program_transform_name='s,x,x,'
psdir='${docdir}'
sbindir='${exec_prefix}/sbin'
sharedstatedir='${prefix}/com'
sysconfdir='${prefix}/etc'
target_alias=''

## ----------- ##
## confdefs.h. ##
## ----------- ##

#define PACKAGE_NAME "jp2a"
#define PACKAGE_TARNAME "jp2a"
#define PACKAGE_VERSION "1.0.6"
#define PACKAGE_STRING "jp2a 1.0.6"
#define PACKAGE_BUGREPORT "csl@sublevel3.org"
#define PACKAGE "jp2a"
#define VERSION "1.0.6"

configure: exit 1
